#-----------------------------------------------------------
# Vivado v2018.2 (64-bit)
# SW Build 2258646 on Thu Jun 14 20:03:12 MDT 2018
# IP Build 2256618 on Thu Jun 14 22:10:49 MDT 2018
# Start of session at: Sun Jun 11 15:44:09 2023
# Process ID: 31596
# Current directory: C:/Users/Isara Liyanage/Nano_Lab
# Command line: vivado.exe -gui_launcher_event rodinguilauncherevent26080 C:\Users\Isara Liyanage\Nano_Lab\Nano_Lab.xpr
# Log file: C:/Users/Isara Liyanage/Nano_Lab/vivado.log
# Journal file: C:/Users/Isara Liyanage/Nano_Lab\vivado.jou
#-----------------------------------------------------------
start_gui
open_project {C:/Users/Isara Liyanage/Nano_Lab/Nano_Lab.xpr}
Scanning sources...
Finished scanning sources
INFO: [IP_Flow 19-234] Refreshing IP repositories
INFO: [IP_Flow 19-1704] No user IP repositories specified
INFO: [IP_Flow 19-2313] Loaded Vivado IP repository 'C:/Xilinx/Vivado/2018.2/data/ip'.
open_project: Time (s): cpu = 00:00:09 ; elapsed = 00:00:12 . Memory (MB): peak = 836.246 ; gain = 114.793
update_compile_order -fileset sources_1
reset_run synth_1
launch_runs impl_1 -to_step write_bitstream -jobs 4
[Sun Jun 11 15:46:20 2023] Launched synth_1...
Run output will be captured here: C:/Users/Isara Liyanage/Nano_Lab/Nano_Lab.runs/synth_1/runme.log
[Sun Jun 11 15:46:20 2023] Launched impl_1...
Run output will be captured here: C:/Users/Isara Liyanage/Nano_Lab/Nano_Lab.runs/impl_1/runme.log
set_property top System [current_fileset]
update_compile_order -fileset sources_1
close_project
exit
INFO: [Common 17-206] Exiting Vivado at Sun Jun 11 16:11:34 2023...
