#-----------------------------------------------------------
# Vivado v2018.2 (64-bit)
# SW Build 2258646 on Thu Jun 14 20:03:12 MDT 2018
# IP Build 2256618 on Thu Jun 14 22:10:49 MDT 2018
# Start of session at: Sun Jun 11 16:12:14 2023
# Process ID: 4904
# Current directory: C:/Users/Isara Liyanage/Nano_Lab
# Command line: vivado.exe -gui_launcher_event rodinguilauncherevent9820 C:\Users\Isara Liyanage\Nano_Lab\Nano_Lab.xpr
# Log file: C:/Users/Isara Liyanage/Nano_Lab/vivado.log
# Journal file: C:/Users/Isara Liyanage/Nano_Lab\vivado.jou
#-----------------------------------------------------------
start_gui
open_project {C:/Users/Isara Liyanage/Nano_Lab/Nano_Lab.xpr}
Scanning sources...
Finished scanning sources
INFO: [IP_Flow 19-234] Refreshing IP repositories
INFO: [IP_Flow 19-1704] No user IP repositories specified
INFO: [IP_Flow 19-2313] Loaded Vivado IP repository 'C:/Xilinx/Vivado/2018.2/data/ip'.
open_project: Time (s): cpu = 00:00:05 ; elapsed = 00:00:05 . Memory (MB): peak = 853.086 ; gain = 97.098
update_compile_order -fileset sources_1
reset_run synth_1
launch_runs impl_1 -to_step write_bitstream -jobs 4
[Sun Jun 11 16:12:47 2023] Launched synth_1...
Run output will be captured here: C:/Users/Isara Liyanage/Nano_Lab/Nano_Lab.runs/synth_1/runme.log
[Sun Jun 11 16:12:47 2023] Launched impl_1...
Run output will be captured here: C:/Users/Isara Liyanage/Nano_Lab/Nano_Lab.runs/impl_1/runme.log
open_run impl_1
INFO: [Netlist 29-17] Analyzing 10 Unisim elements for replacement
INFO: [Netlist 29-28] Unisim Transformation completed in 0 CPU seconds
INFO: [Project 1-479] Netlist was created with Vivado 2018.2
INFO: [Device 21-403] Loading part xc7a35tcpg236-1
INFO: [Project 1-570] Preparing netlist for logic optimization
INFO: [Timing 38-478] Restoring timing data from binary archive.
INFO: [Timing 38-479] Binary timing data restore complete.
INFO: [Project 1-856] Restoring constraints from binary archive.
INFO: [Project 1-853] Binary constraint restore complete.
Reading XDEF placement.
Reading placer database...
Reading XDEF routing.
Read XDEF File: Time (s): cpu = 00:00:00 ; elapsed = 00:00:00.053 . Memory (MB): peak = 1648.875 ; gain = 0.000
Restored from archive | CPU: 0.000000 secs | Memory: 0.000000 MB |
Finished XDEF File Restore: Time (s): cpu = 00:00:00 ; elapsed = 00:00:00.054 . Memory (MB): peak = 1648.875 ; gain = 0.000
INFO: [Project 1-111] Unisim Transformation Summary:
No Unisim elements were transformed.

open_run: Time (s): cpu = 00:00:17 ; elapsed = 00:00:23 . Memory (MB): peak = 1771.953 ; gain = 915.246
launch_simulation
INFO: [Vivado 12-5682] Launching behavioral simulation in 'C:/Users/Isara Liyanage/Nano_Lab/Nano_Lab.sim/sim_1/behav/xsim'
INFO: [SIM-utils-51] Simulation object is 'sim_1'
INFO: [SIM-utils-54] Inspecting design source files for 'Nano_Processor_TB' in fileset 'sim_1'...
INFO: [USF-XSim-97] Finding global include files...
INFO: [USF-XSim-98] Fetching design files from 'sim_1'...
INFO: [USF-XSim-2] XSim::Compile design
INFO: [USF-XSim-61] Executing 'COMPILE and ANALYZE' step in 'C:/Users/Isara Liyanage/Nano_Lab/Nano_Lab.sim/sim_1/behav/xsim'
"xvhdl --incr --relax -prj Nano_Processor_TB_vhdl.prj"
INFO: [USF-XSim-69] 'compile' step finished in '1' seconds
INFO: [USF-XSim-3] XSim::Elaborate design
INFO: [USF-XSim-61] Executing 'ELABORATE' step in 'C:/Users/Isara Liyanage/Nano_Lab/Nano_Lab.sim/sim_1/behav/xsim'
Vivado Simulator 2018.2
Copyright 1986-1999, 2001-2018 Xilinx, Inc. All Rights Reserved.
Running: C:/Xilinx/Vivado/2018.2/bin/unwrapped/win64.o/xelab.exe -wto 25994553925e49268eec15ecc87ffc77 --incr --debug typical --relax --mt 2 -L xil_defaultlib -L secureip --snapshot Nano_Processor_TB_behav xil_defaultlib.Nano_Processor_TB -log elaborate.log 
Using 2 slave threads.
Starting static elaboration
Completed static elaboration
INFO: [XSIM 43-4323] No Change in HDL. Linking previously generated obj files to create kernel
INFO: [USF-XSim-69] 'elaborate' step finished in '2' seconds
INFO: [USF-XSim-4] XSim::Simulate design
INFO: [USF-XSim-61] Executing 'SIMULATE' step in 'C:/Users/Isara Liyanage/Nano_Lab/Nano_Lab.sim/sim_1/behav/xsim'
INFO: [USF-XSim-98] *** Running xsim
   with args "Nano_Processor_TB_behav -key {Behavioral:sim_1:Functional:Nano_Processor_TB} -tclbatch {Nano_Processor_TB.tcl} -view {{C:/Users/Isara Liyanage/Nano_Lab/Nano_Processor_TB_behav.wcfg}} -log {simulate.log}"
INFO: [USF-XSim-8] Loading simulator feature
Vivado Simulator 2018.2
Time resolution is 1 ps
open_wave_config {C:/Users/Isara Liyanage/Nano_Lab/Nano_Processor_TB_behav.wcfg}
source Nano_Processor_TB.tcl
# set curr_wave [current_wave_config]
# if { [string length $curr_wave] == 0 } {
#   if { [llength [get_objects]] > 0} {
#     add_wave /
#     set_property needs_save false [current_wave_config]
#   } else {
#      send_msg_id Add_Wave-1 WARNING "No top level signals found. Simulator will start without a wave window. If you want to open a wave window go to 'File->New Waveform Configuration' or type 'create_wave_config' in the TCL console."
#   }
# }
# run 1000ns
INFO: [USF-XSim-96] XSim completed. Design snapshot 'Nano_Processor_TB_behav' loaded.
INFO: [USF-XSim-97] XSim simulation ran for 1000ns
launch_simulation: Time (s): cpu = 00:00:03 ; elapsed = 00:00:08 . Memory (MB): peak = 1797.441 ; gain = 11.309
